  main.cpp
C:\Users\PC\Desktop\Studia\PP\Projekt2\template-project-2\PROJEKT2 KING DONKEY\main.cpp(860,35): warning C4267: "argument": konwersja z "size_t" do "int", możliwa utrata danych
C:\Users\PC\Desktop\Studia\PP\Projekt2\template-project-2\PROJEKT2 KING DONKEY\main.cpp(859,2): warning C4996: 'sprintf': This function or variable may be unsafe. Consider using sprintf_s instead. To disable deprecation, use _CRT_SECURE_NO_WARNINGS. See online help for details.
C:\Users\PC\Desktop\Studia\PP\Projekt2\template-project-2\PROJEKT2 KING DONKEY\main.cpp(899,31): warning C4267: "argument": konwersja z "size_t" do "int", możliwa utrata danych
C:\Users\PC\Desktop\Studia\PP\Projekt2\template-project-2\PROJEKT2 KING DONKEY\main.cpp(898,2): warning C4996: 'sprintf': This function or variable may be unsafe. Consider using sprintf_s instead. To disable deprecation, use _CRT_SECURE_NO_WARNINGS. See online help for details.
C:\Users\PC\Desktop\Studia\PP\Projekt2\template-project-2\PROJEKT2 KING DONKEY\main.cpp(908,35): warning C4267: "argument": konwersja z "size_t" do "int", możliwa utrata danych
C:\Users\PC\Desktop\Studia\PP\Projekt2\template-project-2\PROJEKT2 KING DONKEY\main.cpp(907,2): warning C4996: 'sprintf': This function or variable may be unsafe. Consider using sprintf_s instead. To disable deprecation, use _CRT_SECURE_NO_WARNINGS. See online help for details.
C:\Users\PC\Desktop\Studia\PP\Projekt2\template-project-2\PROJEKT2 KING DONKEY\main.cpp(915,15): warning C4996: 'fopen': This function or variable may be unsafe. Consider using fopen_s instead. To disable deprecation, use _CRT_SECURE_NO_WARNINGS. See online help for details.
C:\Users\PC\Desktop\Studia\PP\Projekt2\template-project-2\PROJEKT2 KING DONKEY\main.cpp(977,15): warning C4996: 'fopen': This function or variable may be unsafe. Consider using fopen_s instead. To disable deprecation, use _CRT_SECURE_NO_WARNINGS. See online help for details.
C:\Users\PC\Desktop\Studia\PP\Projekt2\template-project-2\PROJEKT2 KING DONKEY\main.cpp(986,7): warning C4996: 'sscanf': This function or variable may be unsafe. Consider using sscanf_s instead. To disable deprecation, use _CRT_SECURE_NO_WARNINGS. See online help for details.
C:\Users\PC\Desktop\Studia\PP\Projekt2\template-project-2\PROJEKT2 KING DONKEY\main.cpp(989,7): warning C4996: 'sscanf': This function or variable may be unsafe. Consider using sscanf_s instead. To disable deprecation, use _CRT_SECURE_NO_WARNINGS. See online help for details.
C:\Users\PC\Desktop\Studia\PP\Projekt2\template-project-2\PROJEKT2 KING DONKEY\main.cpp(992,7): warning C4996: 'sscanf': This function or variable may be unsafe. Consider using sscanf_s instead. To disable deprecation, use _CRT_SECURE_NO_WARNINGS. See online help for details.
C:\Users\PC\Desktop\Studia\PP\Projekt2\template-project-2\PROJEKT2 KING DONKEY\main.cpp(995,7): warning C4996: 'sscanf': This function or variable may be unsafe. Consider using sscanf_s instead. To disable deprecation, use _CRT_SECURE_NO_WARNINGS. See online help for details.
C:\Users\PC\Desktop\Studia\PP\Projekt2\template-project-2\PROJEKT2 KING DONKEY\main.cpp(998,7): warning C4996: 'sscanf': This function or variable may be unsafe. Consider using sscanf_s instead. To disable deprecation, use _CRT_SECURE_NO_WARNINGS. See online help for details.
C:\Users\PC\Desktop\Studia\PP\Projekt2\template-project-2\PROJEKT2 KING DONKEY\main.cpp(1001,7): warning C4996: 'sscanf': This function or variable may be unsafe. Consider using sscanf_s instead. To disable deprecation, use _CRT_SECURE_NO_WARNINGS. See online help for details.
C:\Users\PC\Desktop\Studia\PP\Projekt2\template-project-2\PROJEKT2 KING DONKEY\main.cpp(1056,15): warning C4996: 'fopen': This function or variable may be unsafe. Consider using fopen_s instead. To disable deprecation, use _CRT_SECURE_NO_WARNINGS. See online help for details.
C:\Users\PC\Desktop\Studia\PP\Projekt2\template-project-2\PROJEKT2 KING DONKEY\main.cpp(1069,7): warning C4996: 'sscanf': This function or variable may be unsafe. Consider using sscanf_s instead. To disable deprecation, use _CRT_SECURE_NO_WARNINGS. See online help for details.
C:\Users\PC\Desktop\Studia\PP\Projekt2\template-project-2\PROJEKT2 KING DONKEY\main.cpp(1078,15): warning C4996: 'fopen': This function or variable may be unsafe. Consider using fopen_s instead. To disable deprecation, use _CRT_SECURE_NO_WARNINGS. See online help for details.
C:\Users\PC\Desktop\Studia\PP\Projekt2\template-project-2\PROJEKT2 KING DONKEY\main.cpp(1091,7): warning C4996: 'sscanf': This function or variable may be unsafe. Consider using sscanf_s instead. To disable deprecation, use _CRT_SECURE_NO_WARNINGS. See online help for details.
C:\Users\PC\Desktop\Studia\PP\Projekt2\template-project-2\PROJEKT2 KING DONKEY\main.cpp(1099,15): warning C4996: 'fopen': This function or variable may be unsafe. Consider using fopen_s instead. To disable deprecation, use _CRT_SECURE_NO_WARNINGS. See online help for details.
C:\Users\PC\Desktop\Studia\PP\Projekt2\template-project-2\PROJEKT2 KING DONKEY\main.cpp(1112,7): warning C4996: 'sscanf': This function or variable may be unsafe. Consider using sscanf_s instead. To disable deprecation, use _CRT_SECURE_NO_WARNINGS. See online help for details.
C:\Users\PC\Desktop\Studia\PP\Projekt2\template-project-2\PROJEKT2 KING DONKEY\main.cpp(1120,15): warning C4996: 'fopen': This function or variable may be unsafe. Consider using fopen_s instead. To disable deprecation, use _CRT_SECURE_NO_WARNINGS. See online help for details.
C:\Users\PC\Desktop\Studia\PP\Projekt2\template-project-2\PROJEKT2 KING DONKEY\main.cpp(1133,7): warning C4996: 'sscanf': This function or variable may be unsafe. Consider using sscanf_s instead. To disable deprecation, use _CRT_SECURE_NO_WARNINGS. See online help for details.
C:\Users\PC\Desktop\Studia\PP\Projekt2\template-project-2\PROJEKT2 KING DONKEY\main.cpp(1141,15): warning C4996: 'fopen': This function or variable may be unsafe. Consider using fopen_s instead. To disable deprecation, use _CRT_SECURE_NO_WARNINGS. See online help for details.
C:\Users\PC\Desktop\Studia\PP\Projekt2\template-project-2\PROJEKT2 KING DONKEY\main.cpp(1154,7): warning C4996: 'sscanf': This function or variable may be unsafe. Consider using sscanf_s instead. To disable deprecation, use _CRT_SECURE_NO_WARNINGS. See online help for details.
C:\Users\PC\Desktop\Studia\PP\Projekt2\template-project-2\PROJEKT2 KING DONKEY\main.cpp(1162,15): warning C4996: 'fopen': This function or variable may be unsafe. Consider using fopen_s instead. To disable deprecation, use _CRT_SECURE_NO_WARNINGS. See online help for details.
C:\Users\PC\Desktop\Studia\PP\Projekt2\template-project-2\PROJEKT2 KING DONKEY\main.cpp(1180,7): warning C4996: 'sscanf': This function or variable may be unsafe. Consider using sscanf_s instead. To disable deprecation, use _CRT_SECURE_NO_WARNINGS. See online help for details.
C:\Users\PC\Desktop\Studia\PP\Projekt2\template-project-2\PROJEKT2 KING DONKEY\main.cpp(1455,17): warning C4244: "inicjowanie": konwersja z "double" do "float", możliwa utrata danych
C:\Users\PC\Desktop\Studia\PP\Projekt2\template-project-2\PROJEKT2 KING DONKEY\main.cpp(1484,17): warning C4244: "inicjowanie": konwersja z "double" do "float", możliwa utrata danych
C:\Users\PC\Desktop\Studia\PP\Projekt2\template-project-2\PROJEKT2 KING DONKEY\main.cpp(1533,19): warning C4244: "inicjowanie": konwersja z "float" do "int", możliwa utrata danych
C:\Users\PC\Desktop\Studia\PP\Projekt2\template-project-2\PROJEKT2 KING DONKEY\main.cpp(1568,56): warning C4244: "=": konwersja z "Uint32" do "float", możliwa utrata danych
C:\Users\PC\Desktop\Studia\PP\Projekt2\template-project-2\PROJEKT2 KING DONKEY\main.cpp(1575,19): warning C4244: "inicjowanie": konwersja z "float" do "int", możliwa utrata danych
C:\Users\PC\Desktop\Studia\PP\Projekt2\template-project-2\PROJEKT2 KING DONKEY\main.cpp(1594,56): warning C4244: "=": konwersja z "Uint32" do "float", możliwa utrata danych
C:\Users\PC\Desktop\Studia\PP\Projekt2\template-project-2\PROJEKT2 KING DONKEY\main.cpp(1605,56): warning C4244: "=": konwersja z "Uint32" do "float", możliwa utrata danych
C:\Users\PC\Desktop\Studia\PP\Projekt2\template-project-2\PROJEKT2 KING DONKEY\main.cpp(1613,22): warning C4244: "inicjowanie": konwersja z "float" do "Uint32", możliwa utrata danych
C:\Users\PC\Desktop\Studia\PP\Projekt2\template-project-2\PROJEKT2 KING DONKEY\main.cpp(1629,57): warning C4244: "=": konwersja z "Uint32" do "float", możliwa utrata danych
C:\Users\PC\Desktop\Studia\PP\Projekt2\template-project-2\PROJEKT2 KING DONKEY\main.cpp(1760,41): warning C4244: "=": konwersja z "int" do "float", możliwa utrata danych
C:\Users\PC\Desktop\Studia\PP\Projekt2\template-project-2\PROJEKT2 KING DONKEY\main.cpp(1762,41): warning C4244: "=": konwersja z "int" do "float", możliwa utrata danych
C:\Users\PC\Desktop\Studia\PP\Projekt2\template-project-2\PROJEKT2 KING DONKEY\main.cpp(1774,36): warning C4244: "+=": konwersja z "double" do "float", możliwa utrata danych
C:\Users\PC\Desktop\Studia\PP\Projekt2\template-project-2\PROJEKT2 KING DONKEY\main.cpp(1787,34): warning C4244: "=": konwersja z "int" do "float", możliwa utrata danych
C:\Users\PC\Desktop\Studia\PP\Projekt2\template-project-2\PROJEKT2 KING DONKEY\main.cpp(1817,28): warning C4244: "+=": konwersja z "double" do "float", możliwa utrata danych
C:\Users\PC\Desktop\Studia\PP\Projekt2\template-project-2\PROJEKT2 KING DONKEY\main.cpp(1933,36): warning C4267: "argument": konwersja z "size_t" do "int", możliwa utrata danych
C:\Users\PC\Desktop\Studia\PP\Projekt2\template-project-2\PROJEKT2 KING DONKEY\main.cpp(1936,36): warning C4267: "argument": konwersja z "size_t" do "int", możliwa utrata danych
C:\Users\PC\Desktop\Studia\PP\Projekt2\template-project-2\PROJEKT2 KING DONKEY\main.cpp(1932,3): warning C4996: 'sprintf': This function or variable may be unsafe. Consider using sprintf_s instead. To disable deprecation, use _CRT_SECURE_NO_WARNINGS. See online help for details.
C:\Users\PC\Desktop\Studia\PP\Projekt2\template-project-2\PROJEKT2 KING DONKEY\main.cpp(1935,3): warning C4996: 'sprintf': This function or variable may be unsafe. Consider using sprintf_s instead. To disable deprecation, use _CRT_SECURE_NO_WARNINGS. See online help for details.
C:\Users\PC\Desktop\Studia\PP\Projekt2\template-project-2\PROJEKT2 KING DONKEY\main.cpp(1964,15): warning C4996: 'fopen': This function or variable may be unsafe. Consider using fopen_s instead. To disable deprecation, use _CRT_SECURE_NO_WARNINGS. See online help for details.
C:\Users\PC\Desktop\Studia\PP\Projekt2\template-project-2\PROJEKT2 KING DONKEY\main.cpp(1985,39): warning C4267: "argument": konwersja z "size_t" do "int", możliwa utrata danych
C:\Users\PC\Desktop\Studia\PP\Projekt2\template-project-2\PROJEKT2 KING DONKEY\main.cpp(1988,39): warning C4267: "argument": konwersja z "size_t" do "int", możliwa utrata danych
C:\Users\PC\Desktop\Studia\PP\Projekt2\template-project-2\PROJEKT2 KING DONKEY\main.cpp(1991,39): warning C4267: "argument": konwersja z "size_t" do "int", możliwa utrata danych
C:\Users\PC\Desktop\Studia\PP\Projekt2\template-project-2\PROJEKT2 KING DONKEY\main.cpp(1984,3): warning C4996: 'sprintf': This function or variable may be unsafe. Consider using sprintf_s instead. To disable deprecation, use _CRT_SECURE_NO_WARNINGS. See online help for details.
C:\Users\PC\Desktop\Studia\PP\Projekt2\template-project-2\PROJEKT2 KING DONKEY\main.cpp(1987,3): warning C4996: 'sprintf': This function or variable may be unsafe. Consider using sprintf_s instead. To disable deprecation, use _CRT_SECURE_NO_WARNINGS. See online help for details.
C:\Users\PC\Desktop\Studia\PP\Projekt2\template-project-2\PROJEKT2 KING DONKEY\main.cpp(1990,3): warning C4996: 'sprintf': This function or variable may be unsafe. Consider using sprintf_s instead. To disable deprecation, use _CRT_SECURE_NO_WARNINGS. See online help for details.
C:\Users\PC\Desktop\Studia\PP\Projekt2\template-project-2\PROJEKT2 KING DONKEY\main.cpp(2110,50): warning C4244: "=": konwersja z "Uint32" do "float", możliwa utrata danych
C:\Users\PC\Desktop\Studia\PP\Projekt2\template-project-2\PROJEKT2 KING DONKEY\main.cpp(2111,18): warning C4244: "inicjowanie": konwersja z "float" do "int", możliwa utrata danych
C:\Users\PC\Desktop\Studia\PP\Projekt2\template-project-2\PROJEKT2 KING DONKEY\main.cpp(2127,3): warning C4996: 'sprintf': This function or variable may be unsafe. Consider using sprintf_s instead. To disable deprecation, use _CRT_SECURE_NO_WARNINGS. See online help for details.
C:\Users\PC\Desktop\Studia\PP\Projekt2\template-project-2\PROJEKT2 KING DONKEY\main.cpp(2243,49): warning C4244: "=": konwersja z "Uint32" do "float", możliwa utrata danych
C:\Users\PC\Desktop\Studia\PP\Projekt2\template-project-2\PROJEKT2 KING DONKEY\main.cpp(2418,36): warning C4267: "argument": konwersja z "size_t" do "int", możliwa utrata danych
C:\Users\PC\Desktop\Studia\PP\Projekt2\template-project-2\PROJEKT2 KING DONKEY\main.cpp(2417,3): warning C4996: 'sprintf': This function or variable may be unsafe. Consider using sprintf_s instead. To disable deprecation, use _CRT_SECURE_NO_WARNINGS. See online help for details.
C:\Users\PC\Desktop\Studia\PP\Projekt2\template-project-2\PROJEKT2 KING DONKEY\main.cpp(2590,36): warning C4267: "argument": konwersja z "size_t" do "int", możliwa utrata danych
C:\Users\PC\Desktop\Studia\PP\Projekt2\template-project-2\PROJEKT2 KING DONKEY\main.cpp(2589,3): warning C4996: 'sprintf': This function or variable may be unsafe. Consider using sprintf_s instead. To disable deprecation, use _CRT_SECURE_NO_WARNINGS. See online help for details.
C:\Users\PC\Desktop\Studia\PP\Projekt2\template-project-2\PROJEKT2 KING DONKEY\main.cpp(2654,15): warning C4996: 'fopen': This function or variable may be unsafe. Consider using fopen_s instead. To disable deprecation, use _CRT_SECURE_NO_WARNINGS. See online help for details.
C:\Users\PC\Desktop\Studia\PP\Projekt2\template-project-2\PROJEKT2 KING DONKEY\main.cpp(2666,9): warning C4996: 'fscanf': This function or variable may be unsafe. Consider using fscanf_s instead. To disable deprecation, use _CRT_SECURE_NO_WARNINGS. See online help for details.
C:\Users\PC\Desktop\Studia\PP\Projekt2\template-project-2\PROJEKT2 KING DONKEY\main.cpp(2702,17): warning C4267: "inicjowanie": konwersja z "size_t" do "int", możliwa utrata danych
C:\Users\PC\Desktop\Studia\PP\Projekt2\template-project-2\PROJEKT2 KING DONKEY\main.cpp(2701,3): warning C4996: 'sprintf': This function or variable may be unsafe. Consider using sprintf_s instead. To disable deprecation, use _CRT_SECURE_NO_WARNINGS. See online help for details.
C:\Users\PC\Desktop\Studia\PP\Projekt2\template-project-2\PROJEKT2 KING DONKEY\main.cpp(1247): warning C4715: "prepareGameStage”: niewszystkie ścieżki kodu zwracają wartość
  szablon2vs19.vcxproj -> C:\Users\PC\Desktop\Studia\PP\Projekt2\template-project-2\PROJEKT2 KING DONKEY\x64\Debug\szablon2vs19.exe
